e:\project\jig\src\plugins\imagedetection\obj\x64\debug\vc142.pdb
e:\project\jig\src\plugins\imagedetection\obj\x64\debug\vc142.idb
e:\project\jig\src\plugins\imagedetection\obj\x64\debug\ml_image_public.obj
e:\project\jig\src\plugins\imagedetection\obj\x64\debug\ml_griddetect.obj
e:\project\jig\src\plugins\imagedetection\obj\x64\debug\ml_distortion_correction.obj
e:\project\jig\src\plugins\imagedetection\obj\x64\debug\ml_coordinatetransformation.obj
e:\project\jig\src\plugins\imagedetection\obj\x64\debug\ml_af.obj
e:\project\jig\src\plugins\imagedetection\obj\x64\debug\mlghostrectangledetect.obj
e:\project\jig\src\plugins\imagedetection\obj\x64\debug\mlcherkerboarddetect.obj
e:\project\jig\src\plugins\imagedetection\obj\x64\debug\lsd.obj
e:\project\jig\src\plugins\imagedetection\obj\x64\debug\line2dup.obj
e:\project\jig\src\plugins\imagedetection\obj\x64\debug\imagefilter.obj
e:\project\jig\src\plugins\imagedetection\obj\x64\debug\find_multicrosshair.obj
e:\project\jig\src\plugins\imagedetection\obj\x64\debug\find_centertemplate.obj
e:\project\jig\src\plugins\imagedetection\obj\x64\debug\find_centermtf.obj
e:\project\jig\src\plugins\imagedetection\obj\x64\debug\find_centerlines.obj
e:\project\jig\src\plugins\imagedetection\obj\x64\debug\find_centergrad.obj
e:\project\jig\src\plugins\imagedetection\obj\x64\debug\find_centergaussian.obj
e:\project\jig\src\plugins\imagedetection\obj\x64\debug\find_centercentroid.obj
e:\project\jig\src\plugins\imagedetection\obj\x64\debug\fiducialdetect.obj
e:\project\jig\src\plugins\imagedetection\obj\x64\debug\crosscenter.obj
e:\project\jig\src\plugins\imagedetection\obj\x64\debug\logplus.obj
e:\project\jig\src\plugins\imagedetection\obj\x64\debug\mtfrectangledetect.obj
e:\project\jig\src\plugins\imagedetection\obj\x64\debug\ml_rigidtrans3d.obj
e:\project\jig\src\plugins\imagedetection\obj\x64\debug\ml_rectangledetection.obj
e:\project\jig\src\plugins\imagedetection\obj\x64\debug\ml_multicrosshairdetection.obj
e:\project\jig\src\plugins\imagedetection\obj\x64\debug\ml_matchtemplate.obj
e:\project\iqmetrics_jig\src\imagedetection\obj\x64\debug\vc142.pdb
e:\project\iqmetrics_jig\src\imagedetection\obj\x64\debug\vc142.idb
e:\project\iqmetrics_jig\src\imagedetection\obj\x64\debug\ml_rectangledetection.obj
e:\project\iqmetrics_jig\src\imagedetection\obj\x64\debug\ml_image_public.obj
e:\project\iqmetrics_jig\src\imagedetection\obj\x64\debug\ml_griddetect.obj
e:\project\iqmetrics_jig\src\imagedetection\obj\x64\debug\mlcherkerboarddetect.obj
e:\project\iqmetrics_jig\src\imagedetection\obj\x64\debug\lsd.obj
e:\project\iqmetrics_jig\src\imagedetection\obj\x64\debug\line2dup.obj
e:\project\iqmetrics_jig\src\imagedetection\obj\x64\debug\imagefilter.obj
e:\project\iqmetrics_jig\src\imagedetection\obj\x64\debug\find_centertemplate.obj
e:\project\iqmetrics_jig\src\imagedetection\obj\x64\debug\find_centermtf.obj
e:\project\iqmetrics_jig\src\imagedetection\obj\x64\debug\find_centerlines.obj
e:\project\iqmetrics_jig\src\imagedetection\obj\x64\debug\find_centergrad.obj
e:\project\iqmetrics_jig\src\imagedetection\obj\x64\debug\find_centergaussian.obj
e:\project\iqmetrics_jig\src\imagedetection\obj\x64\debug\find_centercentroid.obj
e:\project\iqmetrics_jig\src\imagedetection\obj\x64\debug\crosscenter.obj
e:\project\iqmetrics_jig\src\imagedetection\obj\x64\debug\logplus.obj
e:\project\jig\x64\debug\imagedetection.lib
e:\project\jig\x64\debug\imagedetection.exp
e:\project\jig\x64\debug\imagedetection.dll
e:\project\iqmetrics_jig\src\imagedetection\obj\x64\debug\imagedetection.ilk
e:\project\jig\x64\debug\imagedetection.pdb
e:\project\iqmetrics_jig\src\imagedetection\obj\x64\debug\fiducialdetect.obj
e:\project\iqmetrics_jig\src\imagedetection\obj\x64\debug\find_multicrosshair.obj
e:\project\iqmetrics_jig\src\imagedetection\obj\x64\debug\mlghostrectangledetect.obj
e:\project\iqmetrics_jig\src\imagedetection\obj\x64\debug\ml_af.obj
e:\project\iqmetrics_jig\src\imagedetection\obj\x64\debug\ml_coordinatetransformation.obj
e:\project\iqmetrics_jig\src\imagedetection\obj\x64\debug\ml_distortion_correction.obj
e:\project\iqmetrics_jig\src\imagedetection\obj\x64\debug\ml_matchtemplate.obj
e:\project\iqmetrics_jig\src\imagedetection\obj\x64\debug\ml_multicrosshairdetection.obj
e:\project\iqmetrics_jig\src\imagedetection\obj\x64\debug\ml_rigidtrans3d.obj
e:\project\iqmetrics_jig\src\imagedetection\obj\x64\debug\mtfrectangledetect.obj
e:\project\iqmetrics_jig\src\imagedetection\obj\x64\debug\imagedetection.tlog\cl.command.1.tlog
e:\project\iqmetrics_jig\src\imagedetection\obj\x64\debug\imagedetection.tlog\cl.read.1.tlog
e:\project\iqmetrics_jig\src\imagedetection\obj\x64\debug\imagedetection.tlog\cl.write.1.tlog
e:\project\iqmetrics_jig\src\imagedetection\obj\x64\debug\imagedetection.tlog\imagedetection.write.1u.tlog
e:\project\iqmetrics_jig\src\imagedetection\obj\x64\debug\imagedetection.tlog\link.10480.delete.1.tlog
e:\project\iqmetrics_jig\src\imagedetection\obj\x64\debug\imagedetection.tlog\link.command.1.tlog
e:\project\iqmetrics_jig\src\imagedetection\obj\x64\debug\imagedetection.tlog\link.read.1.tlog
e:\project\iqmetrics_jig\src\imagedetection\obj\x64\debug\imagedetection.tlog\link.write.1.tlog
