C:\Program Files (x86)\Microsoft Visual Studio\2019\Community\MSBuild\Microsoft\VC\v160\Microsoft.CppBuild.targets(499,5): warning MSB8004: Output 目录未以斜杠结尾。  此生成实例将添加斜杠，因为必须有这个斜杠才能正确计算 Output 目录。
  LogPlus.cpp
E:\project\IQMetrics_jig\src\extlib\logplus\LogPlus.cpp(21,1): warning C4273: “LogPlus::getInstance”: dll 链接不一致
E:\project\IQMetrics_jig\src\extlib\logplus\LogPlus.h(25,19): message : 参见“getInstance”的前一个定义
E:\project\IQMetrics_jig\src\extlib\logplus\LogPlus.cpp(27,1): warning C4273: “LogPlus::LogPlus”: dll 链接不一致
E:\project\IQMetrics_jig\src\extlib\logplus\LogPlus.h(28,2): message : 参见“{ctor}”的前一个定义
E:\project\IQMetrics_jig\src\extlib\logplus\LogPlus.cpp(35,1): warning C4273: “LogPlus::~LogPlus”: dll 链接不一致
E:\project\IQMetrics_jig\src\extlib\logplus\LogPlus.h(29,3): message : 参见“{dtor}”的前一个定义
    正在创建库 E:\project\jig\x64\Debug\ImageDetection.lib 和对象 E:\project\jig\x64\Debug\ImageDetection.exp
LINK : warning LNK4217: 符号“?getInstance@LogPlus@@SAPEAV1@PEBD@Z (public: static class LogPlus * __cdecl LogPlus::getInstance(char const *))”(在“ LogPlus.obj”中定义)已由“MLCherkerboardDetect.obj”(函数“"public: struct MLImageDetection::CheckerboardRe __cdecl MLImageDetection::MLCherkerboardDetect::detectChessboardTemplate1(class cv::Mat,double,int)" (?detectChessboardTemplate1@MLCherkerboardDetect@MLImageDetection@@QEAA?AUCheckerboardRe@2@VMat@cv@@NH@Z)”中)导入
LINK : warning LNK4286: 符号“?getInstance@LogPlus@@SAPEAV1@PEBD@Z (public: static class LogPlus * __cdecl LogPlus::getInstance(char const *))”(在“LogPlus.obj”中定义)已由“ml_gridDetect.obj”导入
LINK : warning LNK4286: 符号“?getInstance@LogPlus@@SAPEAV1@PEBD@Z (public: static class LogPlus * __cdecl LogPlus::getInstance(char const *))”(在“LogPlus.obj”中定义)已由“ml_rectangleDetection.obj”导入
  ImageDetection.vcxproj -> E:\project\jig\x64\Debug\ImageDetection.dll
  E:\project\jig\x64\Debug\ImageDetection.dll
  复制了 1 个文件
  E:\project\IQMetrics_jig\src\extlib\armadillo\lib_win64\libopenblas.dll
  复制了 1 个文件
  E:\project\IQMetrics_jig\src\extlib\libcbdetect\lib\x64\Debug\cbdetect.dll
  复制了 1 个文件
  E:\project\IQMetrics_jig\src\extlib\libdmtx-0.7.2\x64\Debug\libdmtx.dll
  复制了 1 个文件
