C:\Program Files (x86)\Microsoft Visual Studio\2019\Community\MSBuild\Microsoft\VC\v160\Microsoft.CppBuild.targets(499,5): warning MSB8004: Output 目录未以斜杠结尾。  此生成实例将添加斜杠，因为必须有这个斜杠才能正确计算 Output 目录。
C:\Program Files (x86)\Microsoft Visual Studio\2019\Community\MSBuild\Microsoft\VC\v160\Microsoft.CppBuild.targets(513,5): warning MSB8028: 中间目录(E:\project\IQMetrics_jig\src\IQMetrics_Orion\obj\x64\Debug\)包含从另一个项目(IQMetrics.vcxproj)共享的文件。   这会导致错误的清除和重新生成行为。
  pch.cpp
  dllmain.cpp
  IQMetricUtl.cpp
E:\project\IQMetrics_jig\src\ImageDetection\ml_image_public.h(61,2): warning C4091: “static ”: 没有声明变量时忽略“MLImageDetection::ROIParaNew”的左侧
E:\project\IQMetrics_jig\src\IQMetrics_Orion\IQMetricUtl.cpp(30,17): warning C4101: “pl”: 未引用的局部变量
E:\project\IQMetrics_jig\src\IQMetrics_Orion\IQMetricUtl.cpp(103,10): warning C4244: “初始化”: 从“double”转换到“int”，可能丢失数据
  ML_CTF.cpp
E:\project\IQMetrics_jig\src\ImageDetection\ml_image_public.h(61,2): warning C4091: “static ”: 没有声明变量时忽略“MLImageDetection::ROIParaNew”的左侧
  ML_Distortion.cpp
E:\project\IQMetrics_jig\src\ImageDetection\ml_image_public.h(61,2): warning C4091: “static ”: 没有声明变量时忽略“MLImageDetection::ROIParaNew”的左侧
  ML_RectangleUniformity.cpp
  ML_Uniformity.cpp
E:\project\IQMetrics_jig\src\IQMetrics_Orion\ML_Uniformity.h(37,12): warning C4251: “MLIQMetrics::MLUniformity::m_Rect”: class“cv::Rect_<int>”需要有 dll 接口由 class“MLIQMetrics::MLUniformity”的客户端使用
E:\project\IQMetrics_jig\src\extlib\opencv4.5.1\build\include\opencv2\core\types.hpp(459): message : 参见“cv::Rect_<int>”的声明
E:\project\IQMetrics_jig\src\ImageDetection\ml_image_public.h(61,2): warning C4091: “static ”: 没有声明变量时忽略“MLImageDetection::ROIParaNew”的左侧
E:\project\IQMetrics_jig\src\IQMetrics_Orion\ML_Uniformity.cpp(78,35): warning C4244: “参数”: 从“unsigned __int64”转换到“double”，可能丢失数据
  正在生成代码...
    正在创建库 E:\project\jig\x64\Debug\IQMetrics_orion.lib 和对象 E:\project\jig\x64\Debug\IQMetrics_orion.exp
  IQMetrics.vcxproj -> E:\project\jig\x64\Debug\IQMetrics_orion.dll
  E:\project\jig\x64\Debug\IQMetrics_orion.dll
  复制了 1 个文件
  E:\project\IQMetrics_jig\src\extlib\armadillo\lib_win64\libopenblas.dll
  复制了 1 个文件
