  pch.cpp
  dllmain.cpp
  IQMetricUtl.cpp
E:\project\IQMetrics_jig\src\ImageDetection\ml_image_public.h(61,2): warning C4091: “static ”: 没有声明变量时忽略“MLImageDetection::ROIParaNew”的左侧
E:\project\IQMetrics_jig\src\IQMetrics_Orion\IQMetricUtl.cpp(30,17): warning C4101: “pl”: 未引用的局部变量
E:\project\IQMetrics_jig\src\IQMetrics_Orion\IQMetricUtl.cpp(103,10): warning C4244: “初始化”: 从“double”转换到“int”，可能丢失数据
  ML_CTF.cpp
E:\project\IQMetrics_jig\src\ImageDetection\ml_image_public.h(61,2): warning C4091: “static ”: 没有声明变量时忽略“MLImageDetection::ROIParaNew”的左侧
  ML_Distortion.cpp
E:\project\IQMetrics_jig\src\ImageDetection\ml_image_public.h(61,2): warning C4091: “static ”: 没有声明变量时忽略“MLImageDetection::ROIParaNew”的左侧
  ML_RectangleUniformity.cpp
  ML_Uniformity.cpp
E:\project\IQMetrics_jig\src\IQMetrics_Orion\ML_Uniformity.h(37,12): warning C4251: “MLIQMetrics::MLUniformity::m_Rect”: class“cv::Rect_<int>”需要有 dll 接口由 class“MLIQMetrics::MLUniformity”的客户端使用
E:\project\IQMetrics_jig\src\extlib\opencv4.5.1\build\include\opencv2\core\types.hpp(459): message : 参见“cv::Rect_<int>”的声明
E:\project\IQMetrics_jig\src\ImageDetection\ml_image_public.h(61,2): warning C4091: “static ”: 没有声明变量时忽略“MLImageDetection::ROIParaNew”的左侧
E:\project\IQMetrics_jig\src\IQMetrics_Orion\ML_Uniformity.cpp(78,35): warning C4244: “参数”: 从“unsigned __int64”转换到“double”，可能丢失数据
    正在创建库 E:\project\IQMetrics_jig\src\IQMetrics_Orion\bin\x64\Release\IQMetrics_orion.lib 和对象 E:\project\IQMetrics_jig\src\IQMetrics_Orion\bin\x64\Release\IQMetrics_orion.exp
  正在生成代码
  159 of 4880 functions ( 3.3%) were compiled, the rest were copied from previous compilation.
    0 functions were new in current compilation
    8 functions had inline decision re-evaluated but remain unchanged
  已完成代码的生成
  IQMetrics.vcxproj -> E:\project\IQMetrics_jig\src\IQMetrics_Orion\bin\x64\Release\IQMetrics_orion.dll
  E:\project\IQMetrics_jig\src\IQMetrics_Orion\bin\x64\Release\IQMetrics_orion.dll
  复制了 1 个文件
  E:\project\IQMetrics_jig\src\extlib\armadillo\lib_win64\libopenblas.dll
  复制了 1 个文件
